<?xml version="1.0" encoding="UTF-8"?>
<!-- Generated by org.testng.reporters.JUnitReportReporter -->
<testsuite hostname="LAPTOP-AICB0VOH" failures="0" tests="1" name="com.aadhar.CitizenTestRegister" time="24.296" errors="0" timestamp="2023-08-04T03:10:21 IST" skipped="0">
  <testcase classname="com.aadhar.CitizenTestRegister" name="RegisterCitizen" time="24.296"/>
</testsuite> <!-- com.aadhar.CitizenTestRegister -->
