<?xml version="1.0" encoding="UTF-8"?>
<!-- Generated by org.testng.reporters.JUnitReportReporter -->
<testsuite hostname="LAPTOP-AICB0VOH" failures="0" tests="1" name="com.aadhar.AdminTestLogin" time="8.883" errors="0" timestamp="2023-08-04T03:10:21 IST" skipped="0">
  <testcase classname="com.aadhar.AdminTestLogin" name="Login" time="8.883"/>
</testsuite> <!-- com.aadhar.AdminTestLogin -->
