<?xml version="1.0" encoding="UTF-8"?>
<!-- Generated by org.testng.reporters.JUnitReportReporter -->
<testsuite hostname="LAPTOP-AICB0VOH" failures="0" tests="1" name="com.aadhar.AdminTest" time="22.375" errors="0" timestamp="2023-08-03T17:48:28 IST" skipped="0">
  <testcase classname="com.aadhar.AdminTest" name="RegisterAndLogin" time="22.375"/>
</testsuite> <!-- com.aadhar.AdminTest -->
