<?xml version="1.0" encoding="UTF-8"?>
<!-- Generated by org.testng.reporters.JUnitReportReporter -->
<testsuite hostname="LAPTOP-AICB0VOH" failures="0" tests="1" name="com.aadhar.AdminTestRegister" time="8.945" errors="0" timestamp="2023-08-04T03:10:21 IST" skipped="0">
  <testcase classname="com.aadhar.AdminTestRegister" name="Register" time="8.945"/>
</testsuite> <!-- com.aadhar.AdminTestRegister -->
