<?xml version="1.0" encoding="UTF-8"?>
<!-- Generated by org.testng.reporters.JUnitReportReporter -->
<testsuite hostname="LAPTOP-AICB0VOH" failures="0" tests="2" name="com.aadhar.CitizenTestLogin" time="10.915" errors="0" timestamp="2023-08-04T03:10:21 IST" skipped="0">
  <testcase classname="com.aadhar.CitizenTestLogin" name="CitizenCheck" time="8.809"/>
  <testcase classname="com.aadhar.CitizenTestLogin" name="ChromeBrowser" time="2.106"/>
</testsuite> <!-- com.aadhar.CitizenTestLogin -->
